{"uuid":"cdf405ce-77d6-44fa-ba3d-73cdc89dfca0","historyId":"b35ebad7755647dc4ec18b1c63fd5a01","fullName":"tests.SearchProductTest.triggerFailure","labels":[{"name":"package","value":"tests.SearchProductTest"},{"name":"testClass","value":"tests.SearchProductTest"},{"name":"testMethod","value":"triggerFailure"},{"name":"parentSuite","value":"Default Suite"},{"name":"suite","value":"AutomationExercise"},{"name":"subSuite","value":"tests.SearchProductTest"},{"name":"host","value":"Manallaptop"},{"name":"thread","value":"3776@Manallaptop.main(1)"},{"name":"framework","value":"testng"},{"name":"language","value":"java"}],"links":[],"name":"triggerFailure","status":"broken","statusDetails":{"known":false,"muted":false,"flaky":false,"message":"java.lang.ExceptionInInitializerError","trace":"java.lang.ExceptionInInitializerError\r\n\tat listeners.TestFailureListener.onTestFailure(TestFailureListener.java:18)\r\n\tat org.testng.internal.TestListenerHelper.runTestListeners(TestListenerHelper.java:115)\r\n\tat org.testng.internal.invokers.TestInvoker.runTestResultListener(TestInvoker.java:285)\r\n\tat org.testng.internal.invokers.TestInvoker.invokeMethod(TestInvoker.java:777)\r\n\tat org.testng.internal.invokers.TestInvoker.invokeTestMethod(TestInvoker.java:230)\r\n\tat org.testng.internal.invokers.MethodRunner.runInSequence(MethodRunner.java:63)\r\n\tat org.testng.internal.invokers.TestInvoker$MethodInvocationAgent.invoke(TestInvoker.java:995)\r\n\tat org.testng.internal.invokers.TestInvoker.invokeTestMethods(TestInvoker.java:203)\r\n\tat org.testng.internal.invokers.TestMethodWorker.invokeTestMethods(TestMethodWorker.java:154)\r\n\tat org.testng.internal.invokers.TestMethodWorker.run(TestMethodWorker.java:134)\r\n\tat java.base/java.util.ArrayList.forEach(ArrayList.java:1596)\r\n\tat org.testng.TestRunner.privateRun(TestRunner.java:741)\r\n\tat org.testng.TestRunner.run(TestRunner.java:616)\r\n\tat org.testng.SuiteRunner.runTest(SuiteRunner.java:421)\r\n\tat org.testng.SuiteRunner.runSequentially(SuiteRunner.java:413)\r\n\tat org.testng.SuiteRunner.privateRun(SuiteRunner.java:373)\r\n\tat org.testng.SuiteRunner.run(SuiteRunner.java:312)\r\n\tat org.testng.SuiteRunnerWorker.runSuite(SuiteRunnerWorker.java:52)\r\n\tat org.testng.SuiteRunnerWorker.run(SuiteRunnerWorker.java:95)\r\n\tat org.testng.TestNG.runSuitesSequentially(TestNG.java:1274)\r\n\tat org.testng.TestNG.runSuitesLocally(TestNG.java:1208)\r\n\tat org.testng.TestNG.runSuites(TestNG.java:1112)\r\n\tat org.testng.TestNG.run(TestNG.java:1079)\r\n\tat com.intellij.rt.testng.IDEARemoteTestNG.run(IDEARemoteTestNG.java:65)\r\n\tat com.intellij.rt.testng.RemoteTestNGStarter.main(RemoteTestNGStarter.java:105)\r\nCaused by: io.github.cdimascio.dotenv.DotenvException: Could not find /.env on the classpath\r\n\tat io.github.cdimascio.dotenv.internal.ClasspathHelper.loadFileFromClasspath(ClasspathHelper.java:25)\r\n\tat io.github.cdimascio.dotenv.internal.DotenvReader.read(DotenvReader.java:55)\r\n\tat io.github.cdimascio.dotenv.internal.DotenvParser.lines(DotenvParser.java:87)\r\n\tat io.github.cdimascio.dotenv.internal.DotenvParser.parse(DotenvParser.java:60)\r\n\tat io.github.cdimascio.dotenv.DotenvBuilder.load(DotenvBuilder.java:76)\r\n\tat io.github.cdimascio.dotenv.Dotenv.load(Dotenv.java:38)\r\n\tat utils.JiraBugReporter.<clinit>(JiraBugReporter.java:15)\r\n\t... 25 more\r\n\tSuppressed: io.github.cdimascio.dotenv.DotenvException: Could not find .\\.env on the file system (working directory: C:\\Users\\moomo\\IdeaProjects\\AutomationExercise)\r\n\t\tat io.github.cdimascio.dotenv.internal.DotenvReader.read(DotenvReader.java:60)\r\n\t\t... 30 more\r\n"},"stage":"finished","steps":[],"attachments":[],"parameters":[],"start":1746212650622,"stop":1746212650623}